[4360:8932:0130/221630.911:WARNING:chrome_main_delegate.cc(745)] This is Chrome version 128.0.6613.138 (not a warning)
[4360:8932:0130/221631.017:ERROR:os_crypt_win.cc(100)] Failed to decrypt: Clave no válida para utilizar en el estado especificado. (0x8009000B)
[4360:16532:0130/221631.153:ERROR:google_update_settings.cc(265)] Failed opening key Software\Chromium to set usagestats; result: 5
[4360:8932:0130/221631.251:WARNING:account_consistency_mode_manager.cc(77)] Desktop Identity Consistency cannot be enabled as no OAuth client ID and client secret have been configured.
[4360:10264:0130/221656.763:WARNING:leveldb_database.cc(141)] Unable to open C:\Users\M\Documents\GitHub\GGJBarcelona2026\GGJBarcelona26\Saved\webcache_6613\Default\shared_proto_db\metadata: IO error: C:\Users\M\Documents\GitHub\GGJBarcelona2026\GGJBarcelona26\Saved\webcache_6613\Default\shared_proto_db\metadata/MANIFEST-000001: Unable to create sequential file (ChromeMethodBFE: 7::NewSequentialFile::1)
[4360:10264:0130/221656.781:WARNING:leveldb_database.cc(141)] Unable to open C:\Users\M\Documents\GitHub\GGJBarcelona2026\GGJBarcelona26\Saved\webcache_6613\Default\shared_proto_db\metadata: IO error: C:\Users\M\Documents\GitHub\GGJBarcelona2026\GGJBarcelona26\Saved\webcache_6613\Default\shared_proto_db\metadata/MANIFEST-000001: Unable to create sequential file (ChromeMethodBFE: 7::NewSequentialFile::1)
[4360:10264:0130/221656.805:WARNING:leveldb_database.cc(141)] Unable to open C:\Users\M\Documents\GitHub\GGJBarcelona2026\GGJBarcelona26\Saved\webcache_6613\Default\shared_proto_db\metadata: IO error: C:\Users\M\Documents\GitHub\GGJBarcelona2026\GGJBarcelona26\Saved\webcache_6613\Default\shared_proto_db\metadata/MANIFEST-000001: Unable to create sequential file (ChromeMethodBFE: 7::NewSequentialFile::1)
[4360:10264:0130/221656.838:WARNING:leveldb_database.cc(141)] Unable to open C:\Users\M\Documents\GitHub\GGJBarcelona2026\GGJBarcelona26\Saved\webcache_6613\Default\shared_proto_db\metadata: IO error: C:\Users\M\Documents\GitHub\GGJBarcelona2026\GGJBarcelona26\Saved\webcache_6613\Default\shared_proto_db\metadata/MANIFEST-000001: Unable to create sequential file (ChromeMethodBFE: 7::NewSequentialFile::1)
[15268:6804:0130/221659.075:WARNING:backend_impl.cc(1764)] Destroying invalid entry.
[15268:6804:0130/221659.076:ERROR:backend_impl.cc(989)] Critical error found -8
[15268:6804:0130/221659.342:WARNING:storage_block-inl.h(138)] Failed data load.
[15268:6804:0130/221659.342:WARNING:storage_block-inl.h(138)] Failed data load.
[15268:6804:0130/221659.346:ERROR:entry_impl.cc(955)] Failed to save user data
[4360:10264:0130/221659.624:WARNING:value_store_frontend.cc(47)] Reading ahfgeienlihckogmohjhadlkjgocpleb.alarms from  failed: IO error: .../MANIFEST-000001: Unable to create sequential file (ChromeMethodBFE: 7::NewSequentialFile::1)
[4360:10264:0130/221659.670:WARNING:value_store_frontend.cc(47)] Reading mhjfbmdgcfjbbpaeojofohoefgiehjai.alarms from  failed: IO error: .../MANIFEST-000001: Unable to create sequential file (ChromeMethodBFE: 7::NewSequentialFile::1)
[4360:2564:0130/221731.174:WARNING:leveldb_database.cc(141)] Unable to open C:\Users\M\Documents\GitHub\GGJBarcelona2026\GGJBarcelona26\Saved\webcache_6613\Default\GCM Store\Encryption: IO error: C:\Users\M\Documents\GitHub\GGJBarcelona2026\GGJBarcelona26\Saved\webcache_6613\Default\GCM Store\Encryption/MANIFEST-000001: Unable to create sequential file (ChromeMethodBFE: 7::NewSequentialFile::1)
[4360:8932:0130/230058.383:ERROR:device_event_log_impl.cc(196)] [23:00:58.040] USB: usb_service_win.cc:105 SetupDiGetDeviceProperty({{A45C254E-DF1C-4EFD-8020-67D146A850E0}, 6}) failed: No se ha encontrado el elemento. (0x490)
[4360:8932:0131/003352.944:ERROR:device_event_log_impl.cc(196)] [00:33:52.599] USB: usb_service_win.cc:105 SetupDiGetDeviceProperty({{A45C254E-DF1C-4EFD-8020-67D146A850E0}, 6}) failed: No se ha encontrado el elemento. (0x490)
[4360:8932:0131/011100.003:ERROR:device_event_log_impl.cc(196)] [01:10:58.640] USB: usb_service_win.cc:105 SetupDiGetDeviceProperty({{A45C254E-DF1C-4EFD-8020-67D146A850E0}, 6}) failed: No se ha encontrado el elemento. (0x490)
[4360:8932:0131/032101.924:WARNING:pref_notifier_impl.cc(41)] Pref observer for media_router.cast_allow_all_ips found at shutdown.
